<?xml version="1.0" encoding="UTF-8"?>
<coverage generated="1674556873972" clover="3.2.0">
  <project timestamp="1674556873973" name="All files">
    <metrics statements="22" coveredstatements="22" conditionals="2" coveredconditionals="2" methods="9" coveredmethods="9" elements="33" coveredelements="33" complexity="0" loc="22" ncloc="22" packages="1" files="3" classes="3"/>
    <file name="bank.js" path="/Users/chris/Documents/Makers/week9/bank_tech_test/bank.js">
      <metrics statements="8" coveredstatements="8" conditionals="0" coveredconditionals="0" methods="4" coveredmethods="4"/>
      <line num="1" count="1" type="stmt"/>
      <line num="2" count="1" type="stmt"/>
      <line num="6" count="3" type="stmt"/>
      <line num="7" count="3" type="stmt"/>
      <line num="11" count="4" type="stmt"/>
      <line num="15" count="4" type="stmt"/>
      <line num="19" count="3" type="stmt"/>
      <line num="23" count="1" type="stmt"/>
    </file>
    <file name="bank_formatter.js" path="/Users/chris/Documents/Makers/week9/bank_tech_test/bank_formatter.js">
      <metrics statements="4" coveredstatements="4" conditionals="0" coveredconditionals="0" methods="2" coveredmethods="2"/>
      <line num="3" count="5" type="stmt"/>
      <line num="4" count="5" type="stmt"/>
      <line num="5" count="12" type="stmt"/>
      <line num="10" count="2" type="stmt"/>
    </file>
    <file name="bank_transactions.js" path="/Users/chris/Documents/Makers/week9/bank_tech_test/bank_transactions.js">
      <metrics statements="10" coveredstatements="10" conditionals="2" coveredconditionals="2" methods="3" coveredmethods="3"/>
      <line num="3" count="6" type="stmt"/>
      <line num="4" count="6" type="stmt"/>
      <line num="8" count="13" type="stmt"/>
      <line num="9" count="13" type="stmt"/>
      <line num="11" count="13" type="cond" truecount="2" falsecount="0"/>
      <line num="12" count="7" type="stmt"/>
      <line num="14" count="6" type="stmt"/>
      <line num="17" count="13" type="stmt"/>
      <line num="21" count="6" type="stmt"/>
      <line num="25" count="2" type="stmt"/>
    </file>
  </project>
</coverage>
