TN:
SF:bank.js
FN:6,(anonymous_0)
FN:11,(anonymous_1)
FN:15,(anonymous_2)
FN:19,(anonymous_3)
FNF:4
FNH:4
FNDA:3,(anonymous_0)
FNDA:4,(anonymous_1)
FNDA:4,(anonymous_2)
FNDA:3,(anonymous_3)
DA:1,1
DA:2,1
DA:7,3
DA:8,3
DA:12,4
DA:16,4
DA:20,3
DA:24,1
LF:8
LH:8
BRF:0
BRH:0
end_of_record
TN:
SF:bank_formatter.js
FN:2,(anonymous_0)
FN:4,(anonymous_1)
FNF:2
FNH:2
FNDA:5,(anonymous_0)
FNDA:12,(anonymous_1)
DA:3,5
DA:4,5
DA:5,12
DA:10,2
LF:4
LH:4
BRF:0
BRH:0
end_of_record
TN:
SF:bank_transactions.js
FN:2,(anonymous_0)
FN:7,(anonymous_1)
FN:13,(anonymous_2)
FNF:3
FNH:3
FNDA:6,(anonymous_0)
FNDA:13,(anonymous_1)
FNDA:6,(anonymous_2)
DA:3,6
DA:4,6
DA:8,13
DA:9,13
DA:10,13
DA:14,6
DA:18,2
LF:7
LH:7
BRF:0
BRH:0
end_of_record
