TN:
SF:bank.js
FN:2,(anonymous_0)
FN:6,(anonymous_1)
FN:11,(anonymous_2)
FNF:3
FNH:3
FNDA:7,(anonymous_0)
FNDA:8,(anonymous_1)
FNDA:5,(anonymous_2)
DA:3,7
DA:7,8
DA:8,8
DA:12,5
DA:13,5
DA:21,2
LF:6
LH:6
BRF:0
BRH:0
end_of_record
TN:
SF:bank_formatter.js
FN:2,(anonymous_0)
FN:4,(anonymous_1)
FNF:2
FNH:2
FNDA:2,(anonymous_0)
FNDA:4,(anonymous_1)
DA:3,2
DA:4,2
DA:5,4
DA:10,1
LF:4
LH:4
BRF:0
BRH:0
end_of_record
TN:
SF:bank_objects.js
FN:4,(anonymous_0)
FN:9,(anonymous_1)
FN:21,(anonymous_2)
FNF:3
FNH:3
FNDA:4,(anonymous_0)
FNDA:6,(anonymous_1)
FNDA:3,(anonymous_2)
DA:1,1
DA:5,4
DA:6,4
DA:10,6
DA:11,3
DA:12,3
DA:13,3
DA:14,2
DA:15,2
DA:17,1
DA:22,3
DA:23,3
DA:27,1
LF:13
LH:13
BRDA:10,0,0,3
BRDA:10,0,1,3
BRDA:13,1,0,2
BRDA:13,1,1,1
BRF:4
BRH:4
end_of_record
